\BOOKMARK [1][-]{section.1}{Introduction}{}% 1
\BOOKMARK [1][-]{section.2}{Functional Requirements}{}% 2
\BOOKMARK [2][-]{subsection.2.1}{Material Properties}{section.2}% 3
\BOOKMARK [3][-]{subsubsection.2.1.1}{Assignment of Material Properties}{subsection.2.1}% 4
\BOOKMARK [2][-]{subsection.2.2}{Constitutive Relations}{section.2}% 5
\BOOKMARK [3][-]{subsubsection.2.2.1}{Equations of State}{subsection.2.2}% 6
\BOOKMARK [3][-]{subsubsection.2.2.2}{Saturation Functions}{subsection.2.2}% 7
\BOOKMARK [3][-]{subsubsection.2.2.3}{Relative Permeability Functions}{subsection.2.2}% 8
\BOOKMARK [3][-]{subsubsection.2.2.4}{Soil Compressibility Functions}{subsection.2.2}% 9
\BOOKMARK [3][-]{subsubsection.2.2.5}{Constitutive Relation Coupling by Region}{subsection.2.2}% 10
\BOOKMARK [2][-]{subsection.2.3}{Physics and Chemistry}{section.2}% 11
\BOOKMARK [3][-]{subsubsection.2.3.1}{Fluid Flow}{subsection.2.3}% 12
\BOOKMARK [3][-]{subsubsection.2.3.2}{Multicomponent Solute Transport}{subsection.2.3}% 13
\BOOKMARK [3][-]{subsubsection.2.3.3}{Biogeochemical Reaction}{subsection.2.3}% 14
\BOOKMARK [3][-]{subsubsection.2.3.4}{Geophysics}{subsection.2.3}% 15
\BOOKMARK [2][-]{subsection.2.4}{Forcing Requirements \(Boundary Conditions and Source/Sinks\)}{section.2}% 16
\BOOKMARK [3][-]{subsubsection.2.4.1}{Fluid Flow}{subsection.2.4}% 17
\BOOKMARK [3][-]{subsubsection.2.4.2}{Representation of Initial Conditions}{subsection.2.4}% 18
\BOOKMARK [3][-]{subsubsection.2.4.3}{Representation of Boundary Conditions and Source/Sink terms}{subsection.2.4}% 19
\BOOKMARK [2][-]{subsection.2.5}{Numerical Methods}{section.2}% 20
\BOOKMARK [3][-]{subsubsection.2.5.1}{Finite volume implementation}{subsection.2.5}% 21
\BOOKMARK [3][-]{subsubsection.2.5.2}{Time Stepping}{subsection.2.5}% 22
\BOOKMARK [3][-]{subsubsection.2.5.3}{Nonlinear solvers}{subsection.2.5}% 23
\BOOKMARK [3][-]{subsubsection.2.5.4}{Linear solvers}{subsection.2.5}% 24
\BOOKMARK [3][-]{subsubsection.2.5.5}{Gridding}{subsection.2.5}% 25
\BOOKMARK [2][-]{subsection.2.6}{User Interaction}{section.2}% 26
\BOOKMARK [3][-]{subsubsection.2.6.1}{Input format}{subsection.2.6}% 27
\BOOKMARK [3][-]{subsubsection.2.6.2}{Output format}{subsection.2.6}% 28
\BOOKMARK [1][-]{section.3}{Non-Functional Requirements}{}% 29
\BOOKMARK [2][-]{subsection.3.1}{Runtime Performance}{section.3}% 30
\BOOKMARK [2][-]{subsection.3.2}{Software Maintenance}{section.3}% 31
\BOOKMARK [2][-]{subsection.3.3}{User support}{section.3}% 32
\BOOKMARK [2][-]{subsection.3.4}{Code Availability}{section.3}% 33
\BOOKMARK [1][-]{section.4}{Tests}{}% 34
\BOOKMARK [2][-]{subsection.4.1}{Test matrix for Constitutive Relations}{section.4}% 35
\BOOKMARK [2][-]{subsection.4.2}{Test matrix for Physics and Chemistry}{section.4}% 36
\BOOKMARK [2][-]{subsection.4.3}{Test matrix for Flow Initial Conditions}{section.4}% 37
\BOOKMARK [2][-]{subsection.4.4}{Test matrix for Flow Forcing Requirements}{section.4}% 38
\BOOKMARK [2][-]{subsection.4.5}{Test matrix for Numerical Methods}{section.4}% 39
\BOOKMARK [2][-]{subsection.4.6}{Test matrix for Representation of Material Properties}{section.4}% 40
\BOOKMARK [2][-]{subsection.4.7}{Test matrix for Representation of Initial Conditions}{section.4}% 41
\BOOKMARK [2][-]{subsection.4.8}{Test matrix for Representation of Boundary Conditions and Source/Sink terms}{section.4}% 42
\BOOKMARK [2][-]{subsection.4.9}{Test matrix for User Interaction}{section.4}% 43
\BOOKMARK [2][-]{subsection.4.10}{Test matrix for Non-Functional Requirements}{section.4}% 44
